Build started 3/17/2014 11:32:26 PM.
     1>Project "C:\Users\Al Gore Rhythm\Desktop\iam_cpp_2-master\iam_cpp_2-master\PokerVersion2(March 11 Updated)\PokerVersion2\PokerVersion2\PokerVersion2.vcxproj" on node 2 (Rebuild target(s)).
     1>ClCompile:
         C:\Program Files (x86)\Microsoft Visual Studio 12.0\VC\bin\CL.exe /c /ZI /nologo /W3 /WX- /sdl /Od /Oy- /D _MBCS /Gm /EHsc /RTC1 /MDd /GS /fp:precise /Zc:wchar_t /Zc:forScope /Fo"Debug\\" /Fd"Debug\vc120.pdb" /Gd /TP /analyze- /errorReport:prompt Aesthetics.cpp Checks.cpp EnterMenu.cpp GameMenu.cpp GamePlay.cpp InitDeal.cpp Main.cpp Poker.cpp
         Poker.cpp
         Main.cpp
         InitDeal.cpp
         GamePlay.cpp
         GameMenu.cpp
         EnterMenu.cpp
         Checks.cpp
         Aesthetics.cpp
         Generating Code...
     1>c:\users\al gore rhythm\desktop\iam_cpp_2-master\iam_cpp_2-master\pokerversion2(march 11 updated)\pokerversion2\pokerversion2\checks.cpp(340): warning C4715: 'Checks::FindHighCard' : not all control paths return a value
       Link:
         C:\Program Files (x86)\Microsoft Visual Studio 12.0\VC\bin\link.exe /ERRORREPORT:PROMPT /OUT:"C:\Users\Al Gore Rhythm\Desktop\iam_cpp_2-master\iam_cpp_2-master\PokerVersion2(March 11 Updated)\PokerVersion2\Debug\PokerVersion2.exe" /INCREMENTAL /NOLOGO kernel32.lib user32.lib gdi32.lib winspool.lib comdlg32.lib advapi32.lib shell32.lib ole32.lib oleaut32.lib uuid.lib odbc32.lib odbccp32.lib /MANIFEST /MANIFESTUAC:"level='asInvoker' uiAccess='false'" /manifest:embed /DEBUG /PDB:"C:\Users\Al Gore Rhythm\Desktop\iam_cpp_2-master\iam_cpp_2-master\PokerVersion2(March 11 Updated)\PokerVersion2\Debug\PokerVersion2.pdb" /TLBID:1 /DYNAMICBASE /NXCOMPAT /IMPLIB:"C:\Users\Al Gore Rhythm\Desktop\iam_cpp_2-master\iam_cpp_2-master\PokerVersion2(March 11 Updated)\PokerVersion2\Debug\PokerVersion2.lib" /MACHINE:X86 Debug\Aesthetics.obj
         Debug\Checks.obj
         Debug\EnterMenu.obj
         Debug\GameMenu.obj
         Debug\GamePlay.obj
         Debug\InitDeal.obj
         Debug\Main.obj
         Debug\Poker.obj
         PokerVersion2.vcxproj -> C:\Users\Al Gore Rhythm\Desktop\iam_cpp_2-master\iam_cpp_2-master\PokerVersion2(March 11 Updated)\PokerVersion2\Debug\PokerVersion2.exe
     1>Done Building Project "C:\Users\Al Gore Rhythm\Desktop\iam_cpp_2-master\iam_cpp_2-master\PokerVersion2(March 11 Updated)\PokerVersion2\PokerVersion2\PokerVersion2.vcxproj" (Rebuild target(s)).

Build succeeded.

Time Elapsed 00:00:07.48
