c:\users\al gore rhythm\desktop\direct3d tutorial sample\c++\lesson2.triangles\debug\lesson2.triangles.pch
c:\users\al gore rhythm\desktop\direct3d tutorial sample\c++\lesson2.triangles\debug\vc120.pdb
c:\users\al gore rhythm\desktop\direct3d tutorial sample\c++\lesson2.triangles\debug\vc120.idb
c:\users\al gore rhythm\desktop\direct3d tutorial sample\c++\lesson2.triangles\debug\pch.obj
c:\users\al gore rhythm\desktop\direct3d tutorial sample\c++\lesson2.triangles\debug\main.obj
c:\users\al gore rhythm\desktop\direct3d tutorial sample\c++\lesson2.triangles\debug\basicreaderwriter.obj
c:\users\al gore rhythm\desktop\direct3d tutorial sample\c++\debug\lesson2.triangles\simplepixelshader.cso
c:\users\al gore rhythm\desktop\direct3d tutorial sample\c++\debug\lesson2.triangles\simplevertexshader.cso
c:\users\al gore rhythm\desktop\direct3d tutorial sample\c++\lesson2.triangles\debug\priconfig.xml
c:\users\al gore rhythm\desktop\direct3d tutorial sample\c++\lesson2.triangles\debug\priconfig.xml.intermediate
c:\users\al gore rhythm\desktop\direct3d tutorial sample\c++\lesson2.triangles\debug\layout.resfiles
c:\users\al gore rhythm\desktop\direct3d tutorial sample\c++\lesson2.triangles\debug\layout.resfiles.intermediate
c:\users\al gore rhythm\desktop\direct3d tutorial sample\c++\lesson2.triangles\debug\resources.resfiles
c:\users\al gore rhythm\desktop\direct3d tutorial sample\c++\lesson2.triangles\debug\resources.resfiles.intermediate
c:\users\al gore rhythm\desktop\direct3d tutorial sample\c++\lesson2.triangles\debug\pri.resfiles
c:\users\al gore rhythm\desktop\direct3d tutorial sample\c++\lesson2.triangles\debug\pri.resfiles.intermediate
c:\users\al gore rhythm\desktop\direct3d tutorial sample\c++\debug\lesson2.triangles\resources.pri
c:\users\al gore rhythm\desktop\direct3d tutorial sample\c++\lesson2.triangles\debug\qualifiers.txt
c:\users\al gore rhythm\desktop\direct3d tutorial sample\c++\lesson2.triangles\debug\qualifiers.txt.intermediate
c:\users\al gore rhythm\desktop\direct3d tutorial sample\c++\lesson2.triangles\debug\multiplequalifiersperdimensionfound.txt
c:\users\al gore rhythm\desktop\direct3d tutorial sample\c++\lesson2.triangles\debug\projectarchitectures.txt
c:\users\al gore rhythm\desktop\direct3d tutorial sample\c++\debug\lesson2.triangles\appxmanifest.xml
c:\users\al gore rhythm\desktop\direct3d tutorial sample\c++\debug\lesson2.triangles\lesson2.triangles.build.appxrecipe
c:\users\al gore rhythm\desktop\direct3d tutorial sample\c++\lesson2.triangles\debug\lesson2.triangles.vcxprojresolveassemblyreference.cache
c:\users\al gore rhythm\desktop\direct3d tutorial sample\c++\debug\lesson2.triangles\lesson2.triangles.ilk
c:\users\al gore rhythm\desktop\direct3d tutorial sample\c++\debug\lesson2.triangles\lesson2.triangles.exe
c:\users\al gore rhythm\desktop\direct3d tutorial sample\c++\debug\lesson2.triangles\lesson2.triangles.pdb
c:\users\al gore rhythm\desktop\direct3d tutorial sample\c++\lesson2.triangles\debug\lesson2..ac7fbafd.tlog\cl.command.1.tlog
c:\users\al gore rhythm\desktop\direct3d tutorial sample\c++\lesson2.triangles\debug\lesson2..ac7fbafd.tlog\cl.read.1.tlog
c:\users\al gore rhythm\desktop\direct3d tutorial sample\c++\lesson2.triangles\debug\lesson2..ac7fbafd.tlog\cl.write.1.tlog
c:\users\al gore rhythm\desktop\direct3d tutorial sample\c++\lesson2.triangles\debug\lesson2..ac7fbafd.tlog\fxc.command.1.tlog
c:\users\al gore rhythm\desktop\direct3d tutorial sample\c++\lesson2.triangles\debug\lesson2..ac7fbafd.tlog\fxc.read.1.tlog
c:\users\al gore rhythm\desktop\direct3d tutorial sample\c++\lesson2.triangles\debug\lesson2..ac7fbafd.tlog\fxc.write.1.tlog
c:\users\al gore rhythm\desktop\direct3d tutorial sample\c++\lesson2.triangles\debug\lesson2..ac7fbafd.tlog\lesson2.triangles.read.1u.tlog
c:\users\al gore rhythm\desktop\direct3d tutorial sample\c++\lesson2.triangles\debug\lesson2..ac7fbafd.tlog\lesson2.triangles.write.1u.tlog
c:\users\al gore rhythm\desktop\direct3d tutorial sample\c++\lesson2.triangles\debug\lesson2..ac7fbafd.tlog\link.command.1.tlog
c:\users\al gore rhythm\desktop\direct3d tutorial sample\c++\lesson2.triangles\debug\lesson2..ac7fbafd.tlog\link.read.1.tlog
c:\users\al gore rhythm\desktop\direct3d tutorial sample\c++\lesson2.triangles\debug\lesson2..ac7fbafd.tlog\link.write.1.tlog
